0 info it worked if it ends with ok
1 verbose cli [ '/usr/local/bin/node',
1 verbose cli   '/usr/local/bin/npm',
1 verbose cli   'run',
1 verbose cli   'unit',
1 verbose cli   '--no-cache' ]
2 info using npm@6.4.1
3 info using node@v9.4.0
4 verbose run-script [ 'preunit', 'unit', 'postunit' ]
5 info lifecycle whodidyoumeet@0.1.0~preunit: whodidyoumeet@0.1.0
6 info lifecycle whodidyoumeet@0.1.0~unit: whodidyoumeet@0.1.0
7 verbose lifecycle whodidyoumeet@0.1.0~unit: unsafe-perm in lifecycle true
8 verbose lifecycle whodidyoumeet@0.1.0~unit: PATH: /usr/local/lib/node_modules/npm/node_modules/npm-lifecycle/node-gyp-bin:/Users/Rune/Sites/whodidyoumeet/node_modules/.bin:/Library/Frameworks/Python.framework/Versions/3.7/bin://anaconda/bin:/opt/local/bin:/opt/local/sbin:/opt/local/bin:/opt/local/sbin:/opt/local/bin:/opt/local/sbin:/usr/local/bin:/usr/local/mysql/bin:/usr/bin:/bin:/usr/sbin:/sbin:/usr/local/bin:/opt/X11/bin:/usr/local/sbin
9 verbose lifecycle whodidyoumeet@0.1.0~unit: CWD: /Users/Rune/Sites/whodidyoumeet
10 silly lifecycle whodidyoumeet@0.1.0~unit: Args: [ '-c', 'jest' ]
11 silly lifecycle whodidyoumeet@0.1.0~unit: Returned: code: 1  signal: null
12 info lifecycle whodidyoumeet@0.1.0~unit: Failed to exec unit script
13 verbose stack Error: whodidyoumeet@0.1.0 unit: `jest`
13 verbose stack Exit status 1
13 verbose stack     at EventEmitter.<anonymous> (/usr/local/lib/node_modules/npm/node_modules/npm-lifecycle/index.js:301:16)
13 verbose stack     at EventEmitter.emit (events.js:160:13)
13 verbose stack     at ChildProcess.<anonymous> (/usr/local/lib/node_modules/npm/node_modules/npm-lifecycle/lib/spawn.js:55:14)
13 verbose stack     at ChildProcess.emit (events.js:160:13)
13 verbose stack     at maybeClose (internal/child_process.js:943:16)
13 verbose stack     at Process.ChildProcess._handle.onexit (internal/child_process.js:220:5)
14 verbose pkgid whodidyoumeet@0.1.0
15 verbose cwd /Users/Rune/Sites/whodidyoumeet
16 verbose Darwin 17.7.0
17 verbose argv "/usr/local/bin/node" "/usr/local/bin/npm" "run" "unit" "--no-cache"
18 verbose node v9.4.0
19 verbose npm  v6.4.1
20 error code ELIFECYCLE
21 error errno 1
22 error whodidyoumeet@0.1.0 unit: `jest`
22 error Exit status 1
23 error Failed at the whodidyoumeet@0.1.0 unit script.
23 error This is probably not a problem with npm. There is likely additional logging output above.
24 verbose exit [ 1, true ]
